------------------------------------
--- File created by Amnesia tool ---
------------------------------------


----------------------------------
--- Architecture Configuration ---
----------------------------------

--- Main Memory ---

Memory size: 16 word(s) 
Block size: 1 word(s)/block 
Cycles per access read: 1 unity 
Cycles per access write: 2 unity 
Time cycle: 10 time unity 

--- Virtual Memory ---
Page size: 4 word(s) 
Replacement algorithm: NRU 

---      Disk     ---
Memory size: 16 word(s) 
Cycles per access read: 1 unity 
Cycles per access write: 2 unity 
Time cycle: 100 time unity 

---       TLB      ---
Memory size: 2 Frame Page(s) 
Cycles per access read: 1 unity 
Cycles per access write: 2 unity 
Time cycle: 1 time unity 
Replacement algorithm: FIFO 

-------------------------
---       Trace       ---
-------------------------

1 8
0 c
0 d
2 10
2 11
2 14
2 15
0 0
1 0
0 c
0 d
2 10
2 11
2 14
2 15
0 0
1 0
0 16
1 16
1 17

------------------------------
---      Execution Log     ---
------------------------------

Location: MAINMEMORY
Action = Stored data in Main Memory  
Block = 0 


Location: MAINMEMORY
Action = Stored data in Main Memory  
Block = 1 


Location: MAINMEMORY
Action = Stored data in Main Memory  
Block = 2 


Location: MAINMEMORY
Action = Stored data in Main Memory  
Block = 3 


Location: MAINMEMORY
Action = Stored data in Main Memory  
Block = 4 


Location: MAINMEMORY
Action = Stored data in Main Memory  
Block = 5 


Location: MAINMEMORY
Action = Stored data in Main Memory  
Block = 6 


Location: MAINMEMORY
Action = Stored data in Main Memory  
Block = 7 


Location: MAINMEMORY
Action = Stored data in Main Memory  
Block = 8 


Location: MAINMEMORY
Action = Stored data in Main Memory  
Block = 9 


Location: MAINMEMORY
Action = Stored data in Main Memory  
Block = 10 


Location: MAINMEMORY
Action = Stored data in Main Memory  
Block = 11 


Location: MAINMEMORY
Action = Stored data in Main Memory  
Block = 12 


Location: MAINMEMORY
Action = Stored data in Main Memory  
Block = 13 


Location: MAINMEMORY
Action = Stored data in Main Memory  
Block = 14 


Location: MAINMEMORY
Action = Stored data in Main Memory  
Block = 15 


Location: DISK
Action = Storing page in Disk 
Address = 0x00000000 - Page 0


Location: DISK
Action = Storing page in Disk 
Address = 0x00000004 - Page 1


Location: DISK
Action = Storing page in Disk 
Address = 0x00000008 - Page 2


Location: DISK
Action = Storing page in Disk 
Address = 0x0000000c - Page 3


----------------------- Step: 001 to 020 || Trace: 1 8 -----------------------

-----------------------    Beginning of translation   -----------------------

Location: TLB
Action = load operation - Access Type = miss
Cache Type = Accessing TLB
|---------------------------------------------------------------------------------------|
|                                |                    |   Word  |     Page    |   Byte  |
|               Tag              |         Set        |  OffSet |    OffSet   |  OffSet |
|---------------------------------------------------------------------------------------|
|    0000000000000000000000000010|                 ---|      ---|           00|      XX |
|---------------------------------------------------------------------------------------|
|                         28 bits|              0 bits|   0 bits|       2 bits|   2 bits|
|---------------------------------------------------------------------------------------|

Location: PAGETABLE
Action = loading data in the Page Table 
Virtual Page = 0x00000002

Location: TRANSLATION
Action = Translation Address  - Using = Page Table
|----------------------------------------------------|     |----------------------------------------------------|
|                  Virtual Address                   |     |                    Real Address                    |
|----------------------------------------------------|     |----------------------------------------------------|
|        Virtual Page          |PageOffSet|ByteOffSet| --> |           Frame Page         |PageOffSet|ByteOffSet|
|------------------------------|----------|----------|     |-----------------------------------------|----------|
|  0000000000000000000000000010|        00|       XX |     |  0000000000000000000000000001|        00|       XX |
|----------------------------------------------------|     |----------------------------------------------------|


Location: TLB
Action = Store Operation - Access Type = miss
Cache Type = TLB
|---------------------------------------------------------------------------------------|
|                                |                    |   Word  |     Page    |   Byte  |
|               Tag              |         Set        |  OffSet |    OffSet   |  OffSet |
|---------------------------------------------------------------------------------------|
|    0000000000000000000000000010|                 ---|      ---|           00|      XX |
|---------------------------------------------------------------------------------------|
|                         28 bits|              0 bits|   0 bits|       2 bits|   2 bits|
|---------------------------------------------------------------------------------------|

-----------------------       End of translation        -----------------------

Location: MAINMEMORY
Action = Stored data in Main Memory  
Block = 4 


----------------------- Step: 002 to 020 || Trace: 0 c -----------------------

-----------------------    Beginning of translation   -----------------------

Location: TLB
Action = load operation - Access Type = miss
Cache Type = Accessing TLB
|---------------------------------------------------------------------------------------|
|                                |                    |   Word  |     Page    |   Byte  |
|               Tag              |         Set        |  OffSet |    OffSet   |  OffSet |
|---------------------------------------------------------------------------------------|
|    0000000000000000000000000011|                 ---|      ---|           00|      XX |
|---------------------------------------------------------------------------------------|
|                         28 bits|              0 bits|   0 bits|       2 bits|   2 bits|
|---------------------------------------------------------------------------------------|

Location: PAGETABLE
Action = loading data in the Page Table 
Virtual Page = 0x00000003

Location: TRANSLATION
Action = Translation Address  - Using = Page Table
|----------------------------------------------------|     |----------------------------------------------------|
|                  Virtual Address                   |     |                    Real Address                    |
|----------------------------------------------------|     |----------------------------------------------------|
|        Virtual Page          |PageOffSet|ByteOffSet| --> |           Frame Page         |PageOffSet|ByteOffSet|
|------------------------------|----------|----------|     |-----------------------------------------|----------|
|  0000000000000000000000000011|        00|       XX |     |  0000000000000000000000000000|        00|       XX |
|----------------------------------------------------|     |----------------------------------------------------|


Location: TLB
Action = Store Operation - Access Type = miss
Cache Type = TLB
|---------------------------------------------------------------------------------------|
|                                |                    |   Word  |     Page    |   Byte  |
|               Tag              |         Set        |  OffSet |    OffSet   |  OffSet |
|---------------------------------------------------------------------------------------|
|    0000000000000000000000000011|                 ---|      ---|           00|      XX |
|---------------------------------------------------------------------------------------|
|                         28 bits|              0 bits|   0 bits|       2 bits|   2 bits|
|---------------------------------------------------------------------------------------|

-----------------------       End of translation        -----------------------

Location: MAINMEMORY
Action = Loading data from Main Memory  
Block = 0 


----------------------- Step: 003 to 020 || Trace: 0 d -----------------------

-----------------------    Beginning of translation   -----------------------

Location: TLB
Action = load operation - Access Type = hit
Cache Type = Accessing TLB
|---------------------------------------------------------------------------------------|
|                                |                    |   Word  |     Page    |   Byte  |
|               Tag              |         Set        |  OffSet |    OffSet   |  OffSet |
|---------------------------------------------------------------------------------------|
|    0000000000000000000000000011|                 ---|      ---|           01|      XX |
|---------------------------------------------------------------------------------------|
|                         28 bits|              0 bits|   0 bits|       2 bits|   2 bits|
|---------------------------------------------------------------------------------------|

Location: TRANSLATION
Action = Translation Address  - Using = TLB
|----------------------------------------------------|     |----------------------------------------------------|
|                  Virtual Address                   |     |                    Real Address                    |
|----------------------------------------------------|     |----------------------------------------------------|
|        Virtual Page          |PageOffSet|ByteOffSet| --> |           Frame Page         |PageOffSet|ByteOffSet|
|------------------------------|----------|----------|     |-----------------------------------------|----------|
|  0000000000000000000000000011|        01|       XX |     |  0000000000000000000000000000|        01|       XX |
|----------------------------------------------------|     |----------------------------------------------------|


-----------------------       End of translation        -----------------------

Location: MAINMEMORY
Action = Loading data from Main Memory  
Block = 1 


----------------------- Step: 004 to 020 || Trace: 2 10 -----------------------

-----------------------    Beginning of translation   -----------------------

Location: TLB
Action = load operation - Access Type = miss
Cache Type = Accessing TLB
|---------------------------------------------------------------------------------------|
|                                |                    |   Word  |     Page    |   Byte  |
|               Tag              |         Set        |  OffSet |    OffSet   |  OffSet |
|---------------------------------------------------------------------------------------|
|    0000000000000000000000000100|                 ---|      ---|           00|      XX |
|---------------------------------------------------------------------------------------|
|                         28 bits|              0 bits|   0 bits|       2 bits|   2 bits|
|---------------------------------------------------------------------------------------|

Location: PAGETABLE
Action = loading data in the Page Table 
Virtual Page = 0x00000004

Location: TRANSLATION
Action = Translation Address  - Using = Page Table
|----------------------------------------------------|     |----------------------------------------------------|
|                  Virtual Address                   |     |                    Real Address                    |
|----------------------------------------------------|     |----------------------------------------------------|
|        Virtual Page          |PageOffSet|ByteOffSet| --> |           Frame Page         |PageOffSet|ByteOffSet|
|------------------------------|----------|----------|     |-----------------------------------------|----------|
|  0000000000000000000000000100|        00|       XX |     |  0000000000000000000000000010|        00|       XX |
|----------------------------------------------------|     |----------------------------------------------------|


Location: TLB
Action = Store Operation - Access Type = miss
Cache Type = TLB
|---------------------------------------------------------------------------------------|
|                                |                    |   Word  |     Page    |   Byte  |
|               Tag              |         Set        |  OffSet |    OffSet   |  OffSet |
|---------------------------------------------------------------------------------------|
|    0000000000000000000000000100|                 ---|      ---|           00|      XX |
|---------------------------------------------------------------------------------------|
|                         28 bits|              0 bits|   0 bits|       2 bits|   2 bits|
|---------------------------------------------------------------------------------------|

-----------------------       End of translation        -----------------------

Location: MAINMEMORY
Action = Loading data from Main Memory  
Block = 8 


----------------------- Step: 005 to 020 || Trace: 2 11 -----------------------

-----------------------    Beginning of translation   -----------------------

Location: TLB
Action = load operation - Access Type = hit
Cache Type = Accessing TLB
|---------------------------------------------------------------------------------------|
|                                |                    |   Word  |     Page    |   Byte  |
|               Tag              |         Set        |  OffSet |    OffSet   |  OffSet |
|---------------------------------------------------------------------------------------|
|    0000000000000000000000000100|                 ---|      ---|           01|      XX |
|---------------------------------------------------------------------------------------|
|                         28 bits|              0 bits|   0 bits|       2 bits|   2 bits|
|---------------------------------------------------------------------------------------|

Location: TRANSLATION
Action = Translation Address  - Using = TLB
|----------------------------------------------------|     |----------------------------------------------------|
|                  Virtual Address                   |     |                    Real Address                    |
|----------------------------------------------------|     |----------------------------------------------------|
|        Virtual Page          |PageOffSet|ByteOffSet| --> |           Frame Page         |PageOffSet|ByteOffSet|
|------------------------------|----------|----------|     |-----------------------------------------|----------|
|  0000000000000000000000000100|        01|       XX |     |  0000000000000000000000000010|        01|       XX |
|----------------------------------------------------|     |----------------------------------------------------|


-----------------------       End of translation        -----------------------

Location: MAINMEMORY
Action = Loading data from Main Memory  
Block = 9 


----------------------- Step: 006 to 020 || Trace: 2 14 -----------------------

-----------------------    Beginning of translation   -----------------------

Location: TLB
Action = load operation - Access Type = miss
Cache Type = Accessing TLB
|---------------------------------------------------------------------------------------|
|                                |                    |   Word  |     Page    |   Byte  |
|               Tag              |         Set        |  OffSet |    OffSet   |  OffSet |
|---------------------------------------------------------------------------------------|
|    0000000000000000000000000101|                 ---|      ---|           00|      XX |
|---------------------------------------------------------------------------------------|
|                         28 bits|              0 bits|   0 bits|       2 bits|   2 bits|
|---------------------------------------------------------------------------------------|

Location: PAGETABLE
Action = loading data in the Page Table 
Virtual Page = 0x00000005
Page Fault

----------------------      Beginning of paging        ----------------------

Location: DISK
Action = Loading page from Disk and store page in the aux vector 
|--------------------|       |--------------------|
|     aux vector     |  <--  |    disk    - Page 0|
|--------------------|       |--------------------|
|               xxxxx|       |          0x00000014|
|--------------------|       |--------------------|
|               xxxxx|       |          0x00000015|
|--------------------|       |--------------------|
|               xxxxx|       |          0x00000016|
|--------------------|       |--------------------|
|               xxxxx|       |          0x00000017|
|--------------------|       |--------------------|


Location: DISK
Action = Loading page from Main Memory and storing page in Disk 
|--------------------|       |--------------------|
|    disk    - Page 0|  <--  |Main Memory - Page 3|
|--------------------|       |--------------------|
|               xxxxx|       |          0x00000004|
|--------------------|       |--------------------|
|               xxxxx|       |          0x00000005|
|--------------------|       |--------------------|
|               xxxxx|       |          0x00000006|
|--------------------|       |--------------------|
|               xxxxx|       |          0x00000007|
|--------------------|       |--------------------|


Location: MAINMEMORY
Action = Store page in the Main Memory 
|--------------------|       |--------------------|
|Main Memory - Page 3|  <--  |     aux vector     |
|--------------------|       |--------------------|
|               xxxxx|       |          0x00000014|
|--------------------|       |--------------------|
|               xxxxx|       |          0x00000015|
|--------------------|       |--------------------|
|               xxxxx|       |          0x00000016|
|--------------------|       |--------------------|
|               xxxxx|       |          0x00000017|
|--------------------|       |--------------------|


Location: PAGETABLE
Action = Update the Page Table 
|--------------------|       |--------------------|
|          0x00000005|  <->  |          0x00000001|
|--------------------|       |--------------------|


----------------------         End of paging           ----------------------

Location: TRANSLATION
Action = Translation Address  - Using = Page Table
|----------------------------------------------------|     |----------------------------------------------------|
|                  Virtual Address                   |     |                    Real Address                    |
|----------------------------------------------------|     |----------------------------------------------------|
|        Virtual Page          |PageOffSet|ByteOffSet| --> |           Frame Page         |PageOffSet|ByteOffSet|
|------------------------------|----------|----------|     |-----------------------------------------|----------|
|  0000000000000000000000000101|        00|       XX |     |  0000000000000000000000000011|        00|       XX |
|----------------------------------------------------|     |----------------------------------------------------|


Location: TLB
Action = Store Operation - Access Type = miss
Cache Type = TLB
|---------------------------------------------------------------------------------------|
|                                |                    |   Word  |     Page    |   Byte  |
|               Tag              |         Set        |  OffSet |    OffSet   |  OffSet |
|---------------------------------------------------------------------------------------|
|    0000000000000000000000000101|                 ---|      ---|           00|      XX |
|---------------------------------------------------------------------------------------|
|                         28 bits|              0 bits|   0 bits|       2 bits|   2 bits|
|---------------------------------------------------------------------------------------|

-----------------------       End of translation        -----------------------

Location: MAINMEMORY
Action = Loading data from Main Memory  
Block = 12 


----------------------- Step: 007 to 020 || Trace: 2 15 -----------------------

-----------------------    Beginning of translation   -----------------------

Location: TLB
Action = load operation - Access Type = hit
Cache Type = Accessing TLB
|---------------------------------------------------------------------------------------|
|                                |                    |   Word  |     Page    |   Byte  |
|               Tag              |         Set        |  OffSet |    OffSet   |  OffSet |
|---------------------------------------------------------------------------------------|
|    0000000000000000000000000101|                 ---|      ---|           01|      XX |
|---------------------------------------------------------------------------------------|
|                         28 bits|              0 bits|   0 bits|       2 bits|   2 bits|
|---------------------------------------------------------------------------------------|

Location: TRANSLATION
Action = Translation Address  - Using = TLB
|----------------------------------------------------|     |----------------------------------------------------|
|                  Virtual Address                   |     |                    Real Address                    |
|----------------------------------------------------|     |----------------------------------------------------|
|        Virtual Page          |PageOffSet|ByteOffSet| --> |           Frame Page         |PageOffSet|ByteOffSet|
|------------------------------|----------|----------|     |-----------------------------------------|----------|
|  0000000000000000000000000101|        01|       XX |     |  0000000000000000000000000011|        01|       XX |
|----------------------------------------------------|     |----------------------------------------------------|


-----------------------       End of translation        -----------------------

Location: MAINMEMORY
Action = Loading data from Main Memory  
Block = 13 


----------------------- Step: 008 to 020 || Trace: 0 0 -----------------------

-----------------------    Beginning of translation   -----------------------

Location: TLB
Action = load operation - Access Type = miss
Cache Type = Accessing TLB
|---------------------------------------------------------------------------------------|
|                                |                    |   Word  |     Page    |   Byte  |
|               Tag              |         Set        |  OffSet |    OffSet   |  OffSet |
|---------------------------------------------------------------------------------------|
|    0000000000000000000000000000|                 ---|      ---|           00|      XX |
|---------------------------------------------------------------------------------------|
|                         28 bits|              0 bits|   0 bits|       2 bits|   2 bits|
|---------------------------------------------------------------------------------------|

Location: PAGETABLE
Action = loading data in the Page Table 
Virtual Page = 0x00000000
Page Fault

----------------------      Beginning of paging        ----------------------

Location: DISK
Action = Loading page from Disk and store page in the aux vector 
|--------------------|       |--------------------|
|     aux vector     |  <--  |    disk    - Page 1|
|--------------------|       |--------------------|
|               xxxxx|       |          0x00000000|
|--------------------|       |--------------------|
|               xxxxx|       |          0x00000001|
|--------------------|       |--------------------|
|               xxxxx|       |          0x00000002|
|--------------------|       |--------------------|
|               xxxxx|       |          0x00000003|
|--------------------|       |--------------------|


Location: DISK
Action = Loading page from Main Memory and storing page in Disk 
|--------------------|       |--------------------|
|    disk    - Page 1|  <--  |Main Memory - Page 3|
|--------------------|       |--------------------|
|               xxxxx|       |          0x00000014|
|--------------------|       |--------------------|
|               xxxxx|       |          0x00000015|
|--------------------|       |--------------------|
|               xxxxx|       |          0x00000016|
|--------------------|       |--------------------|
|               xxxxx|       |          0x00000017|
|--------------------|       |--------------------|


Location: MAINMEMORY
Action = Store page in the Main Memory 
|--------------------|       |--------------------|
|Main Memory - Page 3|  <--  |     aux vector     |
|--------------------|       |--------------------|
|               xxxxx|       |          0x00000000|
|--------------------|       |--------------------|
|               xxxxx|       |          0x00000001|
|--------------------|       |--------------------|
|               xxxxx|       |          0x00000002|
|--------------------|       |--------------------|
|               xxxxx|       |          0x00000003|
|--------------------|       |--------------------|


Location: PAGETABLE
Action = Update the Page Table 
|--------------------|       |--------------------|
|          0x00000000|  <->  |          0x00000005|
|--------------------|       |--------------------|


----------------------         End of paging           ----------------------

Location: TRANSLATION
Action = Translation Address  - Using = Page Table
|----------------------------------------------------|     |----------------------------------------------------|
|                  Virtual Address                   |     |                    Real Address                    |
|----------------------------------------------------|     |----------------------------------------------------|
|        Virtual Page          |PageOffSet|ByteOffSet| --> |           Frame Page         |PageOffSet|ByteOffSet|
|------------------------------|----------|----------|     |-----------------------------------------|----------|
|  0000000000000000000000000000|        00|       XX |     |  0000000000000000000000000011|        00|       XX |
|----------------------------------------------------|     |----------------------------------------------------|


Location: TLB
Action = Store Operation - Access Type = miss
Cache Type = TLB
|---------------------------------------------------------------------------------------|
|                                |                    |   Word  |     Page    |   Byte  |
|               Tag              |         Set        |  OffSet |    OffSet   |  OffSet |
|---------------------------------------------------------------------------------------|
|    0000000000000000000000000000|                 ---|      ---|           00|      XX |
|---------------------------------------------------------------------------------------|
|                         28 bits|              0 bits|   0 bits|       2 bits|   2 bits|
|---------------------------------------------------------------------------------------|

-----------------------       End of translation        -----------------------

Location: MAINMEMORY
Action = Loading data from Main Memory  
Block = 12 


----------------------- Step: 009 to 020 || Trace: 1 0 -----------------------

-----------------------    Beginning of translation   -----------------------

Location: TLB
Action = load operation - Access Type = hit
Cache Type = Accessing TLB
|---------------------------------------------------------------------------------------|
|                                |                    |   Word  |     Page    |   Byte  |
|               Tag              |         Set        |  OffSet |    OffSet   |  OffSet |
|---------------------------------------------------------------------------------------|
|    0000000000000000000000000000|                 ---|      ---|           00|      XX |
|---------------------------------------------------------------------------------------|
|                         28 bits|              0 bits|   0 bits|       2 bits|   2 bits|
|---------------------------------------------------------------------------------------|

Location: TRANSLATION
Action = Translation Address  - Using = TLB
|----------------------------------------------------|     |----------------------------------------------------|
|                  Virtual Address                   |     |                    Real Address                    |
|----------------------------------------------------|     |----------------------------------------------------|
|        Virtual Page          |PageOffSet|ByteOffSet| --> |           Frame Page         |PageOffSet|ByteOffSet|
|------------------------------|----------|----------|     |-----------------------------------------|----------|
|  0000000000000000000000000000|        00|       XX |     |  0000000000000000000000000011|        00|       XX |
|----------------------------------------------------|     |----------------------------------------------------|


-----------------------       End of translation        -----------------------

Location: MAINMEMORY
Action = Stored data in Main Memory  
Block = 12 


----------------------- Step: 010 to 020 || Trace: 0 c -----------------------

-----------------------    Beginning of translation   -----------------------

Location: TLB
Action = load operation - Access Type = miss
Cache Type = Accessing TLB
|---------------------------------------------------------------------------------------|
|                                |                    |   Word  |     Page    |   Byte  |
|               Tag              |         Set        |  OffSet |    OffSet   |  OffSet |
|---------------------------------------------------------------------------------------|
|    0000000000000000000000000011|                 ---|      ---|           00|      XX |
|---------------------------------------------------------------------------------------|
|                         28 bits|              0 bits|   0 bits|       2 bits|   2 bits|
|---------------------------------------------------------------------------------------|

Location: PAGETABLE
Action = loading data in the Page Table 
Virtual Page = 0x00000003

Location: TRANSLATION
Action = Translation Address  - Using = Page Table
|----------------------------------------------------|     |----------------------------------------------------|
|                  Virtual Address                   |     |                    Real Address                    |
|----------------------------------------------------|     |----------------------------------------------------|
|        Virtual Page          |PageOffSet|ByteOffSet| --> |           Frame Page         |PageOffSet|ByteOffSet|
|------------------------------|----------|----------|     |-----------------------------------------|----------|
|  0000000000000000000000000011|        00|       XX |     |  0000000000000000000000000000|        00|       XX |
|----------------------------------------------------|     |----------------------------------------------------|


Location: TLB
Action = Store Operation - Access Type = miss
Cache Type = TLB
|---------------------------------------------------------------------------------------|
|                                |                    |   Word  |     Page    |   Byte  |
|               Tag              |         Set        |  OffSet |    OffSet   |  OffSet |
|---------------------------------------------------------------------------------------|
|    0000000000000000000000000011|                 ---|      ---|           00|      XX |
|---------------------------------------------------------------------------------------|
|                         28 bits|              0 bits|   0 bits|       2 bits|   2 bits|
|---------------------------------------------------------------------------------------|

-----------------------       End of translation        -----------------------

Location: MAINMEMORY
Action = Loading data from Main Memory  
Block = 0 


----------------------- Step: 011 to 020 || Trace: 0 d -----------------------

-----------------------    Beginning of translation   -----------------------

Location: TLB
Action = load operation - Access Type = hit
Cache Type = Accessing TLB
|---------------------------------------------------------------------------------------|
|                                |                    |   Word  |     Page    |   Byte  |
|               Tag              |         Set        |  OffSet |    OffSet   |  OffSet |
|---------------------------------------------------------------------------------------|
|    0000000000000000000000000011|                 ---|      ---|           01|      XX |
|---------------------------------------------------------------------------------------|
|                         28 bits|              0 bits|   0 bits|       2 bits|   2 bits|
|---------------------------------------------------------------------------------------|

Location: TRANSLATION
Action = Translation Address  - Using = TLB
|----------------------------------------------------|     |----------------------------------------------------|
|                  Virtual Address                   |     |                    Real Address                    |
|----------------------------------------------------|     |----------------------------------------------------|
|        Virtual Page          |PageOffSet|ByteOffSet| --> |           Frame Page         |PageOffSet|ByteOffSet|
|------------------------------|----------|----------|     |-----------------------------------------|----------|
|  0000000000000000000000000011|        01|       XX |     |  0000000000000000000000000000|        01|       XX |
|----------------------------------------------------|     |----------------------------------------------------|


-----------------------       End of translation        -----------------------

Location: MAINMEMORY
Action = Loading data from Main Memory  
Block = 1 


----------------------- Step: 012 to 020 || Trace: 2 10 -----------------------

-----------------------    Beginning of translation   -----------------------

Location: TLB
Action = load operation - Access Type = miss
Cache Type = Accessing TLB
|---------------------------------------------------------------------------------------|
|                                |                    |   Word  |     Page    |   Byte  |
|               Tag              |         Set        |  OffSet |    OffSet   |  OffSet |
|---------------------------------------------------------------------------------------|
|    0000000000000000000000000100|                 ---|      ---|           00|      XX |
|---------------------------------------------------------------------------------------|
|                         28 bits|              0 bits|   0 bits|       2 bits|   2 bits|
|---------------------------------------------------------------------------------------|

Location: PAGETABLE
Action = loading data in the Page Table 
Virtual Page = 0x00000004

Location: TRANSLATION
Action = Translation Address  - Using = Page Table
|----------------------------------------------------|     |----------------------------------------------------|
|                  Virtual Address                   |     |                    Real Address                    |
|----------------------------------------------------|     |----------------------------------------------------|
|        Virtual Page          |PageOffSet|ByteOffSet| --> |           Frame Page         |PageOffSet|ByteOffSet|
|------------------------------|----------|----------|     |-----------------------------------------|----------|
|  0000000000000000000000000100|        00|       XX |     |  0000000000000000000000000010|        00|       XX |
|----------------------------------------------------|     |----------------------------------------------------|


Location: TLB
Action = Store Operation - Access Type = miss
Cache Type = TLB
|---------------------------------------------------------------------------------------|
|                                |                    |   Word  |     Page    |   Byte  |
|               Tag              |         Set        |  OffSet |    OffSet   |  OffSet |
|---------------------------------------------------------------------------------------|
|    0000000000000000000000000100|                 ---|      ---|           00|      XX |
|---------------------------------------------------------------------------------------|
|                         28 bits|              0 bits|   0 bits|       2 bits|   2 bits|
|---------------------------------------------------------------------------------------|

-----------------------       End of translation        -----------------------

Location: MAINMEMORY
Action = Loading data from Main Memory  
Block = 8 


----------------------- Step: 013 to 020 || Trace: 2 11 -----------------------

-----------------------    Beginning of translation   -----------------------

Location: TLB
Action = load operation - Access Type = hit
Cache Type = Accessing TLB
|---------------------------------------------------------------------------------------|
|                                |                    |   Word  |     Page    |   Byte  |
|               Tag              |         Set        |  OffSet |    OffSet   |  OffSet |
|---------------------------------------------------------------------------------------|
|    0000000000000000000000000100|                 ---|      ---|           01|      XX |
|---------------------------------------------------------------------------------------|
|                         28 bits|              0 bits|   0 bits|       2 bits|   2 bits|
|---------------------------------------------------------------------------------------|

Location: TRANSLATION
Action = Translation Address  - Using = TLB
|----------------------------------------------------|     |----------------------------------------------------|
|                  Virtual Address                   |     |                    Real Address                    |
|----------------------------------------------------|     |----------------------------------------------------|
|        Virtual Page          |PageOffSet|ByteOffSet| --> |           Frame Page         |PageOffSet|ByteOffSet|
|------------------------------|----------|----------|     |-----------------------------------------|----------|
|  0000000000000000000000000100|        01|       XX |     |  0000000000000000000000000010|        01|       XX |
|----------------------------------------------------|     |----------------------------------------------------|


-----------------------       End of translation        -----------------------

Location: MAINMEMORY
Action = Loading data from Main Memory  
Block = 9 


----------------------- Step: 014 to 020 || Trace: 2 14 -----------------------

-----------------------    Beginning of translation   -----------------------

Location: TLB
Action = load operation - Access Type = miss
Cache Type = Accessing TLB
|---------------------------------------------------------------------------------------|
|                                |                    |   Word  |     Page    |   Byte  |
|               Tag              |         Set        |  OffSet |    OffSet   |  OffSet |
|---------------------------------------------------------------------------------------|
|    0000000000000000000000000101|                 ---|      ---|           00|      XX |
|---------------------------------------------------------------------------------------|
|                         28 bits|              0 bits|   0 bits|       2 bits|   2 bits|
|---------------------------------------------------------------------------------------|

Location: PAGETABLE
Action = loading data in the Page Table 
Virtual Page = 0x00000005
Page Fault

----------------------      Beginning of paging        ----------------------

Location: DISK
Action = Loading page from Disk and store page in the aux vector 
|--------------------|       |--------------------|
|     aux vector     |  <--  |    disk    - Page 1|
|--------------------|       |--------------------|
|               xxxxx|       |          0x00000014|
|--------------------|       |--------------------|
|               xxxxx|       |          0x00000015|
|--------------------|       |--------------------|
|               xxxxx|       |          0x00000016|
|--------------------|       |--------------------|
|               xxxxx|       |          0x00000017|
|--------------------|       |--------------------|


Location: DISK
Action = Loading page from Main Memory and storing page in Disk 
|--------------------|       |--------------------|
|    disk    - Page 1|  <--  |Main Memory - Page 2|
|--------------------|       |--------------------|
|               xxxxx|       |          0x00000010|
|--------------------|       |--------------------|
|               xxxxx|       |          0x00000011|
|--------------------|       |--------------------|
|               xxxxx|       |          0x00000012|
|--------------------|       |--------------------|
|               xxxxx|       |          0x00000013|
|--------------------|       |--------------------|


Location: MAINMEMORY
Action = Store page in the Main Memory 
|--------------------|       |--------------------|
|Main Memory - Page 2|  <--  |     aux vector     |
|--------------------|       |--------------------|
|               xxxxx|       |          0x00000014|
|--------------------|       |--------------------|
|               xxxxx|       |          0x00000015|
|--------------------|       |--------------------|
|               xxxxx|       |          0x00000016|
|--------------------|       |--------------------|
|               xxxxx|       |          0x00000017|
|--------------------|       |--------------------|


Location: PAGETABLE
Action = Update the Page Table 
|--------------------|       |--------------------|
|          0x00000005|  <->  |          0x00000004|
|--------------------|       |--------------------|


----------------------         End of paging           ----------------------

Location: TRANSLATION
Action = Translation Address  - Using = Page Table
|----------------------------------------------------|     |----------------------------------------------------|
|                  Virtual Address                   |     |                    Real Address                    |
|----------------------------------------------------|     |----------------------------------------------------|
|        Virtual Page          |PageOffSet|ByteOffSet| --> |           Frame Page         |PageOffSet|ByteOffSet|
|------------------------------|----------|----------|     |-----------------------------------------|----------|
|  0000000000000000000000000101|        00|       XX |     |  0000000000000000000000000010|        00|       XX |
|----------------------------------------------------|     |----------------------------------------------------|


Location: TLB
Action = Store Operation - Access Type = miss
Cache Type = TLB
|---------------------------------------------------------------------------------------|
|                                |                    |   Word  |     Page    |   Byte  |
|               Tag              |         Set        |  OffSet |    OffSet   |  OffSet |
|---------------------------------------------------------------------------------------|
|    0000000000000000000000000101|                 ---|      ---|           00|      XX |
|---------------------------------------------------------------------------------------|
|                         28 bits|              0 bits|   0 bits|       2 bits|   2 bits|
|---------------------------------------------------------------------------------------|

-----------------------       End of translation        -----------------------

Location: MAINMEMORY
Action = Loading data from Main Memory  
Block = 8 


----------------------- Step: 015 to 020 || Trace: 2 15 -----------------------

-----------------------    Beginning of translation   -----------------------

Location: TLB
Action = load operation - Access Type = hit
Cache Type = Accessing TLB
|---------------------------------------------------------------------------------------|
|                                |                    |   Word  |     Page    |   Byte  |
|               Tag              |         Set        |  OffSet |    OffSet   |  OffSet |
|---------------------------------------------------------------------------------------|
|    0000000000000000000000000101|                 ---|      ---|           01|      XX |
|---------------------------------------------------------------------------------------|
|                         28 bits|              0 bits|   0 bits|       2 bits|   2 bits|
|---------------------------------------------------------------------------------------|

Location: TRANSLATION
Action = Translation Address  - Using = TLB
|----------------------------------------------------|     |----------------------------------------------------|
|                  Virtual Address                   |     |                    Real Address                    |
|----------------------------------------------------|     |----------------------------------------------------|
|        Virtual Page          |PageOffSet|ByteOffSet| --> |           Frame Page         |PageOffSet|ByteOffSet|
|------------------------------|----------|----------|     |-----------------------------------------|----------|
|  0000000000000000000000000101|        01|       XX |     |  0000000000000000000000000010|        01|       XX |
|----------------------------------------------------|     |----------------------------------------------------|


-----------------------       End of translation        -----------------------

Location: MAINMEMORY
Action = Loading data from Main Memory  
Block = 9 


----------------------- Step: 016 to 020 || Trace: 0 0 -----------------------

-----------------------    Beginning of translation   -----------------------

Location: TLB
Action = load operation - Access Type = miss
Cache Type = Accessing TLB
|---------------------------------------------------------------------------------------|
|                                |                    |   Word  |     Page    |   Byte  |
|               Tag              |         Set        |  OffSet |    OffSet   |  OffSet |
|---------------------------------------------------------------------------------------|
|    0000000000000000000000000000|                 ---|      ---|           00|      XX |
|---------------------------------------------------------------------------------------|
|                         28 bits|              0 bits|   0 bits|       2 bits|   2 bits|
|---------------------------------------------------------------------------------------|

Location: PAGETABLE
Action = loading data in the Page Table 
Virtual Page = 0x00000000

Location: TRANSLATION
Action = Translation Address  - Using = Page Table
|----------------------------------------------------|     |----------------------------------------------------|
|                  Virtual Address                   |     |                    Real Address                    |
|----------------------------------------------------|     |----------------------------------------------------|
|        Virtual Page          |PageOffSet|ByteOffSet| --> |           Frame Page         |PageOffSet|ByteOffSet|
|------------------------------|----------|----------|     |-----------------------------------------|----------|
|  0000000000000000000000000000|        00|       XX |     |  0000000000000000000000000011|        00|       XX |
|----------------------------------------------------|     |----------------------------------------------------|


Location: TLB
Action = Store Operation - Access Type = miss
Cache Type = TLB
|---------------------------------------------------------------------------------------|
|                                |                    |   Word  |     Page    |   Byte  |
|               Tag              |         Set        |  OffSet |    OffSet   |  OffSet |
|---------------------------------------------------------------------------------------|
|    0000000000000000000000000000|                 ---|      ---|           00|      XX |
|---------------------------------------------------------------------------------------|
|                         28 bits|              0 bits|   0 bits|       2 bits|   2 bits|
|---------------------------------------------------------------------------------------|

-----------------------       End of translation        -----------------------

Location: MAINMEMORY
Action = Loading data from Main Memory  
Block = 12 


----------------------- Step: 017 to 020 || Trace: 1 0 -----------------------

-----------------------    Beginning of translation   -----------------------

Location: TLB
Action = load operation - Access Type = hit
Cache Type = Accessing TLB
|---------------------------------------------------------------------------------------|
|                                |                    |   Word  |     Page    |   Byte  |
|               Tag              |         Set        |  OffSet |    OffSet   |  OffSet |
|---------------------------------------------------------------------------------------|
|    0000000000000000000000000000|                 ---|      ---|           00|      XX |
|---------------------------------------------------------------------------------------|
|                         28 bits|              0 bits|   0 bits|       2 bits|   2 bits|
|---------------------------------------------------------------------------------------|

Location: TRANSLATION
Action = Translation Address  - Using = TLB
|----------------------------------------------------|     |----------------------------------------------------|
|                  Virtual Address                   |     |                    Real Address                    |
|----------------------------------------------------|     |----------------------------------------------------|
|        Virtual Page          |PageOffSet|ByteOffSet| --> |           Frame Page         |PageOffSet|ByteOffSet|
|------------------------------|----------|----------|     |-----------------------------------------|----------|
|  0000000000000000000000000000|        00|       XX |     |  0000000000000000000000000011|        00|       XX |
|----------------------------------------------------|     |----------------------------------------------------|


-----------------------       End of translation        -----------------------

Location: MAINMEMORY
Action = Stored data in Main Memory  
Block = 12 


----------------------- Step: 018 to 020 || Trace: 0 16 -----------------------

-----------------------    Beginning of translation   -----------------------

Location: TLB
Action = load operation - Access Type = miss
Cache Type = Accessing TLB
|---------------------------------------------------------------------------------------|
|                                |                    |   Word  |     Page    |   Byte  |
|               Tag              |         Set        |  OffSet |    OffSet   |  OffSet |
|---------------------------------------------------------------------------------------|
|    0000000000000000000000000101|                 ---|      ---|           10|      XX |
|---------------------------------------------------------------------------------------|
|                         28 bits|              0 bits|   0 bits|       2 bits|   2 bits|
|---------------------------------------------------------------------------------------|

Location: PAGETABLE
Action = loading data in the Page Table 
Virtual Page = 0x00000005

Location: TRANSLATION
Action = Translation Address  - Using = Page Table
|----------------------------------------------------|     |----------------------------------------------------|
|                  Virtual Address                   |     |                    Real Address                    |
|----------------------------------------------------|     |----------------------------------------------------|
|        Virtual Page          |PageOffSet|ByteOffSet| --> |           Frame Page         |PageOffSet|ByteOffSet|
|------------------------------|----------|----------|     |-----------------------------------------|----------|
|  0000000000000000000000000101|        10|       XX |     |  0000000000000000000000000010|        10|       XX |
|----------------------------------------------------|     |----------------------------------------------------|


Location: TLB
Action = Store Operation - Access Type = miss
Cache Type = TLB
|---------------------------------------------------------------------------------------|
|                                |                    |   Word  |     Page    |   Byte  |
|               Tag              |         Set        |  OffSet |    OffSet   |  OffSet |
|---------------------------------------------------------------------------------------|
|    0000000000000000000000000101|                 ---|      ---|           10|      XX |
|---------------------------------------------------------------------------------------|
|                         28 bits|              0 bits|   0 bits|       2 bits|   2 bits|
|---------------------------------------------------------------------------------------|

-----------------------       End of translation        -----------------------

Location: MAINMEMORY
Action = Loading data from Main Memory  
Block = 10 


----------------------- Step: 019 to 020 || Trace: 1 16 -----------------------

-----------------------    Beginning of translation   -----------------------

Location: TLB
Action = load operation - Access Type = hit
Cache Type = Accessing TLB
|---------------------------------------------------------------------------------------|
|                                |                    |   Word  |     Page    |   Byte  |
|               Tag              |         Set        |  OffSet |    OffSet   |  OffSet |
|---------------------------------------------------------------------------------------|
|    0000000000000000000000000101|                 ---|      ---|           10|      XX |
|---------------------------------------------------------------------------------------|
|                         28 bits|              0 bits|   0 bits|       2 bits|   2 bits|
|---------------------------------------------------------------------------------------|

Location: TRANSLATION
Action = Translation Address  - Using = TLB
|----------------------------------------------------|     |----------------------------------------------------|
|                  Virtual Address                   |     |                    Real Address                    |
|----------------------------------------------------|     |----------------------------------------------------|
|        Virtual Page          |PageOffSet|ByteOffSet| --> |           Frame Page         |PageOffSet|ByteOffSet|
|------------------------------|----------|----------|     |-----------------------------------------|----------|
|  0000000000000000000000000101|        10|       XX |     |  0000000000000000000000000010|        10|       XX |
|----------------------------------------------------|     |----------------------------------------------------|


-----------------------       End of translation        -----------------------

Location: MAINMEMORY
Action = Stored data in Main Memory  
Block = 10 


----------------------- Step: 020 to 020 || Trace: 1 17 -----------------------

-----------------------    Beginning of translation   -----------------------

Location: TLB
Action = load operation - Access Type = hit
Cache Type = Accessing TLB
|---------------------------------------------------------------------------------------|
|                                |                    |   Word  |     Page    |   Byte  |
|               Tag              |         Set        |  OffSet |    OffSet   |  OffSet |
|---------------------------------------------------------------------------------------|
|    0000000000000000000000000101|                 ---|      ---|           11|      XX |
|---------------------------------------------------------------------------------------|
|                         28 bits|              0 bits|   0 bits|       2 bits|   2 bits|
|---------------------------------------------------------------------------------------|

Location: TRANSLATION
Action = Translation Address  - Using = TLB
|----------------------------------------------------|     |----------------------------------------------------|
|                  Virtual Address                   |     |                    Real Address                    |
|----------------------------------------------------|     |----------------------------------------------------|
|        Virtual Page          |PageOffSet|ByteOffSet| --> |           Frame Page         |PageOffSet|ByteOffSet|
|------------------------------|----------|----------|     |-----------------------------------------|----------|
|  0000000000000000000000000101|        11|       XX |     |  0000000000000000000000000010|        11|       XX |
|----------------------------------------------------|     |----------------------------------------------------|


-----------------------       End of translation        -----------------------

Location: MAINMEMORY
Action = Stored data in Main Memory  
Block = 11 


------------------------------
---       Statistics       ---
------------------------------

Main Memory
  Read Access: 49
  Read Cycles: 49
  Read Time: 490
  Write Access: 35
  Write Cycles: 70
  Write Time: 700
  Total Access: 84
  Total Time: 1190

Disk
  Read Access: 3
  Read Cycles: 3
  Read Time: 300
  Write Access: 3
  Write Cycles: 6
  Write Time: 600
  Total Time: 900

Page Table
  Read Access: 10
  Read Cycles: 10
  Read Time: 100
  Write Access: 6
  Write Cycles: 12
  Write Time: 120
  Total Access: 10
  Page Fault: 3
  Total Time: 220

TLB
  Read Access: 20
  Read Cycles: 20
  Read Time: 20
  Write Access: 10
  Write Cycles: 20
  Write Time: 20
  Total Access: 20
  Total Hit: 10
  Total Miss: 10
  Hit rate: 0.5
  Total Time: 40

 Total Time: 2130